android/app/build2/outputs/logs/manifest-merger-release-report.txt
-- Merging decision tree log ---
category#com.cityprimeandroid
INJECTED from src/main/AndroidManifest.xml:54:17-61
	android:name
		INJECTED from src/main/AndroidManifest.xml
		ADDED from src/main/AndroidManifest.xml:54:27-58
manifest
ADDED from src/main/AndroidManifest.xml:1:1-68:12
INJECTED from src/main/AndroidManifest.xml:1:1-68:12
INJECTED from src/main/AndroidManifest.xml:1:1-68:12
INJECTED from src/main/AndroidManifest.xml:1:1-68:12
MERGED from [:react-native-svg] AndroidManifest.xml:2:1-9:12
MERGED from [:react-native-linear-gradient] AndroidManifest.xml:2:1-11:12
MERGED from [:react-native-firebase] AndroidManifest.xml:2:1-23:12
MERGED from [:react-native-intercom] AndroidManifest.xml:2:1-11:12
MERGED from [:react-native-mixpanel] AndroidManifest.xml:2:1-11:12
MERGED from [io.intercom.android:intercom-sdk-fcm:5.4.1] AndroidManifest.xml:2:1-19:12
MERGED from [com.google.firebase:firebase-messaging:17.6.0] AndroidManifest.xml:17:1-37:12
MERGED from [:rncamerakit] AndroidManifest.xml:2:1-15:12
MERGED from [:react-native-fbsdk] AndroidManifest.xml:21:1-30:12
MERGED from [com.facebook.android:facebook-android-sdk:5.0.3] AndroidManifest.xml:21:1-31:12
MERGED from [com.android.support:multidex:1.0.2] AndroidManifest.xml:17:1-22:12
MERGED from [:react-native-camera] AndroidManifest.xml:2:1-18:12
MERGED from [:react-native-navigation] AndroidManifest.xml:2:1-17:12
MERGED from [com.facebook.react:react-native:0.59.10] AndroidManifest.xml:2:1-13:12
MERGED from [io.intercom.android:intercom-sdk-base:5.4.1] AndroidManifest.xml:2:1-85:12
MERGED from [com.github.wix-playground:ahbottomnavigation:2.4.15] AndroidManifest.xml:2:1-13:12
MERGED from [com.android.support:design:28.0.0] AndroidManifest.xml:17:1-24:12
MERGED from [com.github.wix-playground:reflow-animator:1.0.4] AndroidManifest.xml:2:1-12:12
MERGED from [com.facebook.android:facebook-login:5.0.3] AndroidManifest.xml:21:1-31:12
MERGED from [com.facebook.android:facebook-share:5.0.3] AndroidManifest.xml:21:1-31:12
MERGED from [com.facebook.android:facebook-common:5.0.3] AndroidManifest.xml:21:1-37:12
MERGED from [com.android.support:appcompat-v7:28.0.0] AndroidManifest.xml:17:1-22:12
MERGED from [com.google.firebase:firebase-core:16.0.1] AndroidManifest.xml:2:1-9:12
MERGED from [com.google.firebase:firebase-invites:16.0.1] AndroidManifest.xml:2:1-9:12
MERGED from [me.leolin:ShortcutBadger:1.1.21] AndroidManifest.xml:2:1-52:12
MERGED from [com.google.android.gms:play-services-vision:15.0.2] AndroidManifest.xml:2:1-9:12
MERGED from [com.google.firebase:firebase-measurement-connector-impl:16.0.1] AndroidManifest.xml:17:1-34:12
MERGED from [com.google.firebase:firebase-analytics:16.0.1] AndroidManifest.xml:17:1-55:12
MERGED from [com.google.android.gms:play-services-appinvite:16.0.1] AndroidManifest.xml:17:1-37:12
MERGED from [com.google.firebase:firebase-dynamic-links:16.0.1] AndroidManifest.xml:2:1-9:12
MERGED from [com.google.firebase:firebase-analytics-impl:16.1.1] AndroidManifest.xml:17:1-40:12
MERGED from [com.google.firebase:firebase-iid:17.1.2] AndroidManifest.xml:17:1-59:12
MERGED from [com.google.firebase:firebase-common:16.1.0] AndroidManifest.xml:2:1-19:12
MERGED from [com.google.android.gms:play-services-vision-common:15.0.2] AndroidManifest.xml:2:1-9:12
MERGED from [com.google.android.gms:play-services-clearcut:15.0.1] AndroidManifest.xml:17:1-24:12
MERGED from [com.google.android.gms:play-services-phenotype:15.0.1] AndroidManifest.xml:17:1-24:12
MERGED from [com.google.firebase:firebase-iid-interop:16.0.1] AndroidManifest.xml:2:1-10:12
MERGED from [com.google.android.gms:play-services-flags:15.0.1] AndroidManifest.xml:17:1-22:12
MERGED from [com.google.android.gms:play-services-base:16.0.1] AndroidManifest.xml:17:1-29:12
MERGED from [com.google.android.gms:play-services-tasks:16.0.1] AndroidManifest.xml:2:1-9:12
MERGED from [com.google.firebase:firebase-measurement-connector:17.0.1] AndroidManifest.xml:17:1-25:12
MERGED from [com.google.android.gms:play-services-stats:16.0.1] AndroidManifest.xml:2:1-9:12
MERGED from [com.google.android.gms:play-services-ads-identifier:15.0.1] AndroidManifest.xml:17:1-24:12
MERGED from [com.google.android.gms:play-services-basement:16.0.1] AndroidManifest.xml:17:1-28:12
MERGED from [com.android.support:support-v4:28.0.0] AndroidManifest.xml:17:1-22:12
MERGED from [com.mixpanel.android:mixpanel-android:5.6.0] AndroidManifest.xml:2:1-84:12
MERGED from [com.android.support:recyclerview-v7:28.0.0] AndroidManifest.xml:17:1-22:12
MERGED from [com.facebook.android:facebook-places:5.0.3] AndroidManifest.xml:21:1-31:12
MERGED from [com.facebook.android:facebook-applinks:5.0.3] AndroidManifest.xml:21:1-31:12
MERGED from [com.facebook.android:facebook-messenger:5.0.3] AndroidManifest.xml:21:1-31:12
MERGED from [com.facebook.android:facebook-core:5.0.3] AndroidManifest.xml:21:1-61:12
MERGED from [com.android.support:exifinterface:28.0.0] AndroidManifest.xml:17:1-22:12
MERGED from [com.android.support:support-fragment:28.0.0] AndroidManifest.xml:17:1-22:12
MERGED from [com.android.support:animated-vector-drawable:28.0.0] AndroidManifest.xml:17:1-22:12
MERGED from [com.android.support:customtabs:28.0.0] AndroidManifest.xml:17:1-22:12
MERGED from [com.android.support:support-core-ui:28.0.0] AndroidManifest.xml:17:1-22:12
MERGED from [com.android.support:support-core-utils:28.0.0] AndroidManifest.xml:17:1-22:12
MERGED from [com.android.support:transition:28.0.0] AndroidManifest.xml:17:1-22:12
MERGED from [com.android.support:support-vector-drawable:28.0.0] AndroidManifest.xml:17:1-22:12
MERGED from [com.android.support:support-media-compat:28.0.0] AndroidManifest.xml:17:1-22:12
MERGED from [com.android.support:viewpager:28.0.0] AndroidManifest.xml:17:1-22:12
MERGED from [com.android.support:coordinatorlayout:28.0.0] AndroidManifest.xml:17:1-22:12
MERGED from [com.android.support:drawerlayout:28.0.0] AndroidManifest.xml:17:1-22:12
MERGED from [com.android.support:slidingpanelayout:28.0.0] AndroidManifest.xml:17:1-22:12
MERGED from [com.android.support:customview:28.0.0] AndroidManifest.xml:17:1-22:12
MERGED from [com.android.support:swiperefreshlayout:28.0.0] AndroidManifest.xml:17:1-22:12
MERGED from [com.android.support:asynclayoutinflater:28.0.0] AndroidManifest.xml:17:1-22:12
MERGED from [com.android.support:loader:28.0.0] AndroidManifest.xml:17:1-22:12
MERGED from [com.android.support:support-compat:28.0.0] AndroidManifest.xml:17:1-24:12
MERGED from [com.android.support:cardview-v7:28.0.0] AndroidManifest.xml:17:1-22:12
MERGED from [com.android.support:versionedparcelable:28.0.0] AndroidManifest.xml:17:1-25:12
MERGED from [com.android.support:cursoradapter:28.0.0] AndroidManifest.xml:17:1-22:12
MERGED from [android.arch.lifecycle:runtime:1.1.1] AndroidManifest.xml:17:1-22:12
MERGED from [com.android.support:interpolator:28.0.0] AndroidManifest.xml:17:1-22:12
MERGED from [com.android.support:documentfile:28.0.0] AndroidManifest.xml:17:1-22:12
MERGED from [com.android.support:localbroadcastmanager:28.0.0] AndroidManifest.xml:17:1-22:12
MERGED from [com.android.support:print:28.0.0] AndroidManifest.xml:17:1-22:12
MERGED from [android.arch.lifecycle:viewmodel:1.1.1] AndroidManifest.xml:17:1-22:12
MERGED from [android.arch.lifecycle:livedata:1.1.1] AndroidManifest.xml:17:1-22:12
MERGED from [android.arch.lifecycle:livedata-core:1.1.1] AndroidManifest.xml:17:1-22:12
MERGED from [android.arch.core:runtime:1.1.1] AndroidManifest.xml:17:1-22:12
MERGED from [com.facebook.fresco:fresco:1.10.0] AndroidManifest.xml:2:1-9:12
MERGED from [com.facebook.fresco:imagepipeline-okhttp3:1.10.0] AndroidManifest.xml:2:1-9:12
MERGED from [com.facebook.fresco:drawee:1.10.0] AndroidManifest.xml:2:1-9:12
MERGED from [com.facebook.fresco:imagepipeline:1.10.0] AndroidManifest.xml:2:1-9:12
MERGED from [com.facebook.fresco:imagepipeline-base:1.10.0] AndroidManifest.xml:2:1-9:12
MERGED from [com.facebook.soloader:soloader:0.6.0] AndroidManifest.xml:2:1-13:12
MERGED from [com.github.clans:fab:1.6.4] AndroidManifest.xml:2:1-14:12
MERGED from [com.android.support.constraint:constraint-layout:1.1.3] AndroidManifest.xml:2:1-11:12
MERGED from [com.intercom:android-composer:2.0.2] AndroidManifest.xml:2:1-11:12
MERGED from [com.intercom:android-composer-gallery:2.0.2] AndroidManifest.xml:2:1-19:12
MERGED from [com.google.android:flexbox:1.0.0] AndroidManifest.xml:17:1-27:12
MERGED from [com.facebook.fresco:fbcore:1.10.0] AndroidManifest.xml:2:1-9:12
MERGED from [com.google.android.gms:play-services-measurement-base:16.0.0] AndroidManifest.xml:17:1-24:12
INJECTED from src/main/AndroidManifest.xml:1:1-68:12
INJECTED from src/main/AndroidManifest.xml:1:1-68:12
INJECTED from src/main/AndroidManifest.xml:1:1-68:12
	package
		ADDED from src/main/AndroidManifest.xml:2:5-35
		INJECTED from src/main/AndroidManifest.xml
		INJECTED from src/main/AndroidManifest.xml
	android:versionName
		INJECTED from src/main/AndroidManifest.xml
		ADDED from src/main/AndroidManifest.xml:1:1-68:12
		INJECTED from src/main/AndroidManifest.xml
	android:versionCode
		INJECTED from src/main/AndroidManifest.xml
		ADDED from src/main/AndroidManifest.xml:1:1-68:12
		INJECTED from src/main/AndroidManifest.xml
	xmlns:android
		ADDED from src/main/AndroidManifest.xml:1:11-69
uses-permission#android.permission.INTERNET
ADDED from src/main/AndroidManifest.xml:4:5-67
MERGED from [:react-native-firebase] AndroidManifest.xml:11:5-67
MERGED from [:react-native-firebase] AndroidManifest.xml:11:5-67
MERGED from [io.intercom.android:intercom-sdk-base:5.4.1] AndroidManifest.xml:10:5-67
MERGED from [io.intercom.android:intercom-sdk-base:5.4.1] AndroidManifest.xml:10:5-67
MERGED from [com.google.firebase:firebase-measurement-connector-impl:16.0.1] AndroidManifest.xml:22:5-67
MERGED from [com.google.firebase:firebase-measurement-connector-impl:16.0.1] AndroidManifest.xml:22:5-67
MERGED from [com.google.firebase:firebase-analytics:16.0.1] AndroidManifest.xml:23:5-67
MERGED from [com.google.firebase:firebase-analytics:16.0.1] AndroidManifest.xml:23:5-67
MERGED from [com.google.android.gms:play-services-appinvite:16.0.1] AndroidManifest.xml:22:5-67
MERGED from [com.google.android.gms:play-services-appinvite:16.0.1] AndroidManifest.xml:22:5-67
MERGED from [com.google.firebase:firebase-analytics-impl:16.1.1] AndroidManifest.xml:23:5-67
MERGED from [com.google.firebase:firebase-analytics-impl:16.1.1] AndroidManifest.xml:23:5-67
MERGED from [com.google.firebase:firebase-iid:17.1.2] AndroidManifest.xml:23:5-67
MERGED from [com.google.firebase:firebase-iid:17.1.2] AndroidManifest.xml:23:5-67
MERGED from [com.mixpanel.android:mixpanel-android:5.6.0] AndroidManifest.xml:10:5-67
MERGED from [com.mixpanel.android:mixpanel-android:5.6.0] AndroidManifest.xml:10:5-67
	android:name
		ADDED from src/main/AndroidManifest.xml:4:22-64
uses-permission#android.permission.SYSTEM_ALERT_WINDOW
ADDED from src/main/AndroidManifest.xml:5:5-77
	android:name
		ADDED from src/main/AndroidManifest.xml:5:22-75
uses-permission#android.permission.RECORD_AUDIO
ADDED from src/main/AndroidManifest.xml:6:5-70
	android:name
		ADDED from src/main/AndroidManifest.xml:6:22-68
uses-permission#android.permission.READ_EXTERNAL_STORAGE
ADDED from src/main/AndroidManifest.xml:7:5-80
MERGED from [:rncamerakit] AndroidManifest.xml:12:5-80
MERGED from [:rncamerakit] AndroidManifest.xml:12:5-80
	android:name
		ADDED from src/main/AndroidManifest.xml:7:22-77
uses-permission#android.permission.WRITE_EXTERNAL_STORAGE
ADDED from src/main/AndroidManifest.xml:8:5-81
MERGED from [:rncamerakit] AndroidManifest.xml:13:5-81
MERGED from [:rncamerakit] AndroidManifest.xml:13:5-81
	android:name
		ADDED from src/main/AndroidManifest.xml:8:22-78
uses-permission#android.permission.ACCESS_NETWORK_STATE
ADDED from src/main/AndroidManifest.xml:9:5-79
MERGED from [:react-native-firebase] AndroidManifest.xml:13:5-79
MERGED from [:react-native-firebase] AndroidManifest.xml:13:5-79
MERGED from [com.google.firebase:firebase-measurement-connector-impl:16.0.1] AndroidManifest.xml:23:5-79
MERGED from [com.google.firebase:firebase-measurement-connector-impl:16.0.1] AndroidManifest.xml:23:5-79
MERGED from [com.google.firebase:firebase-analytics:16.0.1] AndroidManifest.xml:24:5-79
MERGED from [com.google.firebase:firebase-analytics:16.0.1] AndroidManifest.xml:24:5-79
MERGED from [com.google.firebase:firebase-analytics-impl:16.1.1] AndroidManifest.xml:24:5-79
MERGED from [com.google.firebase:firebase-analytics-impl:16.1.1] AndroidManifest.xml:24:5-79
MERGED from [com.google.firebase:firebase-iid:17.1.2] AndroidManifest.xml:22:5-79
MERGED from [com.google.firebase:firebase-iid:17.1.2] AndroidManifest.xml:22:5-79
	android:name
		ADDED from src/main/AndroidManifest.xml:9:22-76
application
ADDED from src/main/AndroidManifest.xml:12:5-66:19
MERGED from [:react-native-firebase] AndroidManifest.xml:15:5-21:19
MERGED from [:react-native-firebase] AndroidManifest.xml:15:5-21:19
MERGED from [io.intercom.android:intercom-sdk-fcm:5.4.1] AndroidManifest.xml:10:5-17:19
MERGED from [io.intercom.android:intercom-sdk-fcm:5.4.1] AndroidManifest.xml:10:5-17:19
MERGED from [com.google.firebase:firebase-messaging:17.6.0] AndroidManifest.xml:22:5-35:19
MERGED from [com.google.firebase:firebase-messaging:17.6.0] AndroidManifest.xml:22:5-35:19
MERGED from [:react-native-fbsdk] AndroidManifest.xml:28:5-20
MERGED from [:react-native-fbsdk] AndroidManifest.xml:28:5-20
MERGED from [com.facebook.android:facebook-android-sdk:5.0.3] AndroidManifest.xml:28:5-29:19
MERGED from [com.facebook.android:facebook-android-sdk:5.0.3] AndroidManifest.xml:28:5-29:19
MERGED from [:react-native-navigation] AndroidManifest.xml:11:5-15:19
MERGED from [:react-native-navigation] AndroidManifest.xml:11:5-15:19
MERGED from [com.facebook.react:react-native:0.59.10] AndroidManifest.xml:11:5-20
MERGED from [com.facebook.react:react-native:0.59.10] AndroidManifest.xml:11:5-20
MERGED from [io.intercom.android:intercom-sdk-base:5.4.1] AndroidManifest.xml:12:5-83:19
MERGED from [io.intercom.android:intercom-sdk-base:5.4.1] AndroidManifest.xml:12:5-83:19
MERGED from [com.github.wix-playground:ahbottomnavigation:2.4.15] AndroidManifest.xml:11:5-20
MERGED from [com.github.wix-playground:ahbottomnavigation:2.4.15] AndroidManifest.xml:11:5-20
MERGED from [com.android.support:design:28.0.0] AndroidManifest.xml:22:5-20
MERGED from [com.android.support:design:28.0.0] AndroidManifest.xml:22:5-20
MERGED from [com.facebook.android:facebook-login:5.0.3] AndroidManifest.xml:28:5-29:19
MERGED from [com.facebook.android:facebook-login:5.0.3] AndroidManifest.xml:28:5-29:19
MERGED from [com.facebook.android:facebook-share:5.0.3] AndroidManifest.xml:28:5-29:19
MERGED from [com.facebook.android:facebook-share:5.0.3] AndroidManifest.xml:28:5-29:19
MERGED from [com.facebook.android:facebook-common:5.0.3] AndroidManifest.xml:28:5-35:19
MERGED from [com.facebook.android:facebook-common:5.0.3] AndroidManifest.xml:28:5-35:19
MERGED from [com.google.firebase:firebase-core:16.0.1] AndroidManifest.xml:7:5-20
MERGED from [com.google.firebase:firebase-core:16.0.1] AndroidManifest.xml:7:5-20
MERGED from [com.google.firebase:firebase-invites:16.0.1] AndroidManifest.xml:7:5-20
MERGED from [com.google.firebase:firebase-invites:16.0.1] AndroidManifest.xml:7:5-20
MERGED from [com.google.android.gms:play-services-vision:15.0.2] AndroidManifest.xml:7:5-20
MERGED from [com.google.android.gms:play-services-vision:15.0.2] AndroidManifest.xml:7:5-20
MERGED from [com.google.firebase:firebase-measurement-connector-impl:16.0.1] AndroidManifest.xml:26:5-32:19
MERGED from [com.google.firebase:firebase-measurement-connector-impl:16.0.1] AndroidManifest.xml:26:5-32:19
MERGED from [com.google.firebase:firebase-analytics:16.0.1] AndroidManifest.xml:28:5-53:19
MERGED from [com.google.firebase:firebase-analytics:16.0.1] AndroidManifest.xml:28:5-53:19
MERGED from [com.google.android.gms:play-services-appinvite:16.0.1] AndroidManifest.xml:24:5-35:19
MERGED from [com.google.android.gms:play-services-appinvite:16.0.1] AndroidManifest.xml:24:5-35:19
MERGED from [com.google.firebase:firebase-dynamic-links:16.0.1] AndroidManifest.xml:7:5-20
MERGED from [com.google.firebase:firebase-dynamic-links:16.0.1] AndroidManifest.xml:7:5-20
MERGED from [com.google.firebase:firebase-analytics-impl:16.1.1] AndroidManifest.xml:28:5-38:19
MERGED from [com.google.firebase:firebase-analytics-impl:16.1.1] AndroidManifest.xml:28:5-38:19
MERGED from [com.google.firebase:firebase-iid:17.1.2] AndroidManifest.xml:28:5-57:19
MERGED from [com.google.firebase:firebase-iid:17.1.2] AndroidManifest.xml:28:5-57:19
MERGED from [com.google.firebase:firebase-common:16.1.0] AndroidManifest.xml:11:5-17:19
MERGED from [com.google.firebase:firebase-common:16.1.0] AndroidManifest.xml:11:5-17:19
MERGED from [com.google.android.gms:play-services-vision-common:15.0.2] AndroidManifest.xml:7:5-20
MERGED from [com.google.android.gms:play-services-vision-common:15.0.2] AndroidManifest.xml:7:5-20
MERGED from [com.google.android.gms:play-services-clearcut:15.0.1] AndroidManifest.xml:22:5-20
MERGED from [com.google.android.gms:play-services-clearcut:15.0.1] AndroidManifest.xml:22:5-20
MERGED from [com.google.android.gms:play-services-phenotype:15.0.1] AndroidManifest.xml:22:5-20
MERGED from [com.google.android.gms:play-services-phenotype:15.0.1] AndroidManifest.xml:22:5-20
MERGED from [com.google.firebase:firebase-iid-interop:16.0.1] AndroidManifest.xml:7:5-8:19
MERGED from [com.google.firebase:firebase-iid-interop:16.0.1] AndroidManifest.xml:7:5-8:19
MERGED from [com.google.android.gms:play-services-base:16.0.1] AndroidManifest.xml:22:5-27:19
MERGED from [com.google.android.gms:play-services-base:16.0.1] AndroidManifest.xml:22:5-27:19
MERGED from [com.google.android.gms:play-services-tasks:16.0.1] AndroidManifest.xml:7:5-20
MERGED from [com.google.android.gms:play-services-tasks:16.0.1] AndroidManifest.xml:7:5-20
MERGED from [com.google.firebase:firebase-measurement-connector:17.0.1] AndroidManifest.xml:22:5-23:19
MERGED from [com.google.firebase:firebase-measurement-connector:17.0.1] AndroidManifest.xml:22:5-23:19
MERGED from [com.google.android.gms:play-services-stats:16.0.1] AndroidManifest.xml:7:5-20
MERGED from [com.google.android.gms:play-services-stats:16.0.1] AndroidManifest.xml:7:5-20
MERGED from [com.google.android.gms:play-services-ads-identifier:15.0.1] AndroidManifest.xml:22:5-20
MERGED from [com.google.android.gms:play-services-ads-identifier:15.0.1] AndroidManifest.xml:22:5-20
MERGED from [com.google.android.gms:play-services-basement:16.0.1] AndroidManifest.xml:22:5-26:19
MERGED from [com.google.android.gms:play-services-basement:16.0.1] AndroidManifest.xml:22:5-26:19
MERGED from [com.mixpanel.android:mixpanel-android:5.6.0] AndroidManifest.xml:15:5-82:19
MERGED from [com.mixpanel.android:mixpanel-android:5.6.0] AndroidManifest.xml:15:5-82:19
MERGED from [com.facebook.android:facebook-places:5.0.3] AndroidManifest.xml:28:5-29:19
MERGED from [com.facebook.android:facebook-places:5.0.3] AndroidManifest.xml:28:5-29:19
MERGED from [com.facebook.android:facebook-applinks:5.0.3] AndroidManifest.xml:28:5-29:19
MERGED from [com.facebook.android:facebook-applinks:5.0.3] AndroidManifest.xml:28:5-29:19
MERGED from [com.facebook.android:facebook-messenger:5.0.3] AndroidManifest.xml:28:5-29:19
MERGED from [com.facebook.android:facebook-messenger:5.0.3] AndroidManifest.xml:28:5-29:19
MERGED from [com.facebook.android:facebook-core:5.0.3] AndroidManifest.xml:28:5-59:19
MERGED from [com.facebook.android:facebook-core:5.0.3] AndroidManifest.xml:28:5-59:19
MERGED from [com.android.support:support-compat:28.0.0] AndroidManifest.xml:22:5-94
MERGED from [com.android.support:support-compat:28.0.0] AndroidManifest.xml:22:5-94
MERGED from [com.android.support:versionedparcelable:28.0.0] AndroidManifest.xml:22:5-23:19
MERGED from [com.android.support:versionedparcelable:28.0.0] AndroidManifest.xml:22:5-23:19
MERGED from [com.facebook.soloader:soloader:0.6.0] AndroidManifest.xml:11:5-20
MERGED from [com.facebook.soloader:soloader:0.6.0] AndroidManifest.xml:11:5-20
MERGED from [com.github.clans:fab:1.6.4] AndroidManifest.xml:12:5-20
MERGED from [com.github.clans:fab:1.6.4] AndroidManifest.xml:12:5-20
MERGED from [com.android.support.constraint:constraint-layout:1.1.3] AndroidManifest.xml:9:5-20
MERGED from [com.android.support.constraint:constraint-layout:1.1.3] AndroidManifest.xml:9:5-20
MERGED from [com.intercom:android-composer:2.0.2] AndroidManifest.xml:9:5-20
MERGED from [com.intercom:android-composer:2.0.2] AndroidManifest.xml:9:5-20
MERGED from [com.intercom:android-composer-gallery:2.0.2] AndroidManifest.xml:9:5-17:19
MERGED from [com.intercom:android-composer-gallery:2.0.2] AndroidManifest.xml:9:5-17:19
MERGED from [com.google.android.gms:play-services-measurement-base:16.0.0] AndroidManifest.xml:22:5-20
MERGED from [com.google.android.gms:play-services-measurement-base:16.0.0] AndroidManifest.xml:22:5-20
	android:appComponentFactory
		ADDED from [com.android.support:support-compat:28.0.0] AndroidManifest.xml:22:18-91
	android:supportsRtl
		ADDED from [com.facebook.android:facebook-android-sdk:5.0.3] AndroidManifest.xml:28:18-44
	android:label
		ADDED from src/main/AndroidManifest.xml:14:7-39
	xmlns:tools
		ADDED from src/main/AndroidManifest.xml:20:9-55
	android:roundIcon
		ADDED from src/main/AndroidManifest.xml:16:7-52
	android:largeHeap
		ADDED from src/main/AndroidManifest.xml:18:7-31
	android:icon
		ADDED from src/main/AndroidManifest.xml:15:7-41
	android:allowBackup
		ADDED from src/main/AndroidManifest.xml:17:7-34
	android:theme
		ADDED from src/main/AndroidManifest.xml:19:7-38
	android:name
		ADDED from src/main/AndroidManifest.xml:13:7-38
meta-data#com.facebook.sdk.ApplicationId
ADDED from src/main/AndroidManifest.xml:21:9-107
	android:value
		ADDED from src/main/AndroidManifest.xml:21:66-105
	android:name
		ADDED from src/main/AndroidManifest.xml:21:20-65
activity#com.cityprimeandroid.MainActivity
ADDED from src/main/AndroidManifest.xml:22:7-38:18
	android:label
		ADDED from src/main/AndroidManifest.xml:24:9-41
	android:name
		ADDED from src/main/AndroidManifest.xml:23:9-37
intent-filter#action:name:android.intent.action.MAIN+category:name:android.intent.category.LAUNCHER
ADDED from src/main/AndroidManifest.xml:27:9-30:25
action#android.intent.action.MAIN
ADDED from src/main/AndroidManifest.xml:28:13-65
	android:name
		ADDED from src/main/AndroidManifest.xml:28:21-62
category#android.intent.category.LAUNCHER
ADDED from src/main/AndroidManifest.xml:29:13-73
	android:name
		ADDED from src/main/AndroidManifest.xml:29:23-70
intent-filter#action:name:android.intent.action.VIEW+category:name:android.intent.category.BROWSABLE+category:name:android.intent.category.DEFAULT+data:host:cityprime.page.link+data:host:cityprime.page.link+data:scheme:http+data:scheme:https
ADDED from src/main/AndroidManifest.xml:31:11-37:27
action#android.intent.action.VIEW
ADDED from src/main/AndroidManifest.xml:32:15-66
	android:name
		ADDED from src/main/AndroidManifest.xml:32:23-64
category#android.intent.category.DEFAULT
ADDED from src/main/AndroidManifest.xml:33:15-73
	android:name
		ADDED from src/main/AndroidManifest.xml:33:25-71
category#android.intent.category.BROWSABLE
ADDED from src/main/AndroidManifest.xml:34:15-75
	android:name
		ADDED from src/main/AndroidManifest.xml:34:25-73
data
ADDED from src/main/AndroidManifest.xml:35:15-79
	android:host
		ADDED from src/main/AndroidManifest.xml:35:21-55
	android:scheme
		ADDED from src/main/AndroidManifest.xml:35:56-77
activity#com.facebook.react.devsupport.DevSettingsActivity
ADDED from src/main/AndroidManifest.xml:39:7-84
MERGED from [:react-native-navigation] AndroidManifest.xml:12:9-14:40
MERGED from [:react-native-navigation] AndroidManifest.xml:12:9-14:40
	android:exported
		ADDED from [:react-native-navigation] AndroidManifest.xml:14:13-37
	android:name
		ADDED from src/main/AndroidManifest.xml:39:17-81
service#com.robinpowered.react.Intercom.IntercomIntentService
ADDED from src/main/AndroidManifest.xml:40:5-47:15
	android:exported
		ADDED from src/main/AndroidManifest.xml:42:9-33
	android:name
		ADDED from src/main/AndroidManifest.xml:41:9-77
intent-filter#action:name:com.google.android.c2dm.intent.RECEIVE
ADDED from src/main/AndroidManifest.xml:43:9-46:25
	android:priority
		ADDED from src/main/AndroidManifest.xml:44:13-35
action#com.google.android.c2dm.intent.RECEIVE
ADDED from src/main/AndroidManifest.xml:45:13-76
	android:name
		ADDED from src/main/AndroidManifest.xml:45:21-74
receiver#com.mixpanel.android.mpmetrics.GCMReceiver
ADDED from src/main/AndroidManifest.xml:48:9-56:20
	android:permission
		ADDED from src/main/AndroidManifest.xml:50:13-73
	android:name
		ADDED from src/main/AndroidManifest.xml:49:13-70
intent-filter#action:name:com.google.android.c2dm.intent.RECEIVE+action:name:com.google.android.c2dm.intent.REGISTRATION+category:name:com.cityprimeandroid
ADDED from src/main/AndroidManifest.xml:51:13-55:29
action#com.google.android.c2dm.intent.REGISTRATION
ADDED from src/main/AndroidManifest.xml:53:17-86
	android:name
		ADDED from src/main/AndroidManifest.xml:53:25-83
receiver#io.intercom.android.sdk.push.IntercomPushBroadcastReceiver
ADDED from src/main/AndroidManifest.xml:57:5-60:35
MERGED from [io.intercom.android:intercom-sdk-base:5.4.1] AndroidManifest.xml:68:9-77:20
MERGED from [io.intercom.android:intercom-sdk-base:5.4.1] AndroidManifest.xml:68:9-77:20
	android:exported
		ADDED from src/main/AndroidManifest.xml:60:9-32
		REJECTED from [io.intercom.android:intercom-sdk-base:5.4.1] AndroidManifest.xml:70:13-37
	tools:replace
		ADDED from src/main/AndroidManifest.xml:59:9-41
	android:name
		ADDED from src/main/AndroidManifest.xml:58:9-82
service#io.invertase.firebase.messaging.RNFirebaseMessagingService
ADDED from src/main/AndroidManifest.xml:61:9-65:19
	android:name
		ADDED from src/main/AndroidManifest.xml:61:18-91
intent-filter#action:name:com.google.firebase.MESSAGING_EVENT
ADDED from src/main/AndroidManifest.xml:62:13-64:29
action#com.google.firebase.MESSAGING_EVENT
ADDED from src/main/AndroidManifest.xml:63:17-78
	android:name
		ADDED from src/main/AndroidManifest.xml:63:25-75
uses-sdk
INJECTED from src/main/AndroidManifest.xml reason: use-sdk injection requested
INJECTED from src/main/AndroidManifest.xml
INJECTED from src/main/AndroidManifest.xml
MERGED from [:react-native-svg] AndroidManifest.xml:5:5-7:41
MERGED from [:react-native-svg] AndroidManifest.xml:5:5-7:41
MERGED from [:react-native-linear-gradient] AndroidManifest.xml:7:5-9:41
MERGED from [:react-native-linear-gradient] AndroidManifest.xml:7:5-9:41
MERGED from [:react-native-firebase] AndroidManifest.xml:7:5-9:41
MERGED from [:react-native-firebase] AndroidManifest.xml:7:5-9:41
MERGED from [:react-native-intercom] AndroidManifest.xml:7:5-9:41
MERGED from [:react-native-intercom] AndroidManifest.xml:7:5-9:41
MERGED from [:react-native-mixpanel] AndroidManifest.xml:7:5-9:41
MERGED from [:react-native-mixpanel] AndroidManifest.xml:7:5-9:41
MERGED from [io.intercom.android:intercom-sdk-fcm:5.4.1] AndroidManifest.xml:6:5-8:41
MERGED from [io.intercom.android:intercom-sdk-fcm:5.4.1] AndroidManifest.xml:6:5-8:41
MERGED from [com.google.firebase:firebase-messaging:17.6.0] AndroidManifest.xml:20:5-44
MERGED from [com.google.firebase:firebase-messaging:17.6.0] AndroidManifest.xml:20:5-44
MERGED from [:rncamerakit] AndroidManifest.xml:7:5-9:41
MERGED from [:rncamerakit] AndroidManifest.xml:7:5-9:41
MERGED from [:react-native-fbsdk] AndroidManifest.xml:24:5-26:41
MERGED from [:react-native-fbsdk] AndroidManifest.xml:24:5-26:41
MERGED from [com.facebook.android:facebook-android-sdk:5.0.3] AndroidManifest.xml:24:5-26:41
MERGED from [com.facebook.android:facebook-android-sdk:5.0.3] AndroidManifest.xml:24:5-26:41
MERGED from [com.android.support:multidex:1.0.2] AndroidManifest.xml:20:5-43
MERGED from [com.android.support:multidex:1.0.2] AndroidManifest.xml:20:5-43
MERGED from [:react-native-camera] AndroidManifest.xml:5:5-7:41
MERGED from [:react-native-camera] AndroidManifest.xml:5:5-7:41
MERGED from [:react-native-navigation] AndroidManifest.xml:7:5-9:41
MERGED from [:react-native-navigation] AndroidManifest.xml:7:5-9:41
MERGED from [com.facebook.react:react-native:0.59.10] AndroidManifest.xml:7:5-9:41
MERGED from [com.facebook.react:react-native:0.59.10] AndroidManifest.xml:7:5-9:41
MERGED from [io.intercom.android:intercom-sdk-base:5.4.1] AndroidManifest.xml:6:5-8:41
MERGED from [io.intercom.android:intercom-sdk-base:5.4.1] AndroidManifest.xml:6:5-8:41
MERGED from [com.github.wix-playground:ahbottomnavigation:2.4.15] AndroidManifest.xml:7:5-9:41
MERGED from [com.github.wix-playground:ahbottomnavigation:2.4.15] AndroidManifest.xml:7:5-9:41
MERGED from [com.android.support:design:28.0.0] AndroidManifest.xml:20:5-44
MERGED from [com.android.support:design:28.0.0] AndroidManifest.xml:20:5-44
MERGED from [com.github.wix-playground:reflow-animator:1.0.4] AndroidManifest.xml:8:5-10:41
MERGED from [com.github.wix-playground:reflow-animator:1.0.4] AndroidManifest.xml:8:5-10:41
MERGED from [com.facebook.android:facebook-login:5.0.3] AndroidManifest.xml:24:5-26:41
MERGED from [com.facebook.android:facebook-login:5.0.3] AndroidManifest.xml:24:5-26:41
MERGED from [com.facebook.android:facebook-share:5.0.3] AndroidManifest.xml:24:5-26:41
MERGED from [com.facebook.android:facebook-share:5.0.3] AndroidManifest.xml:24:5-26:41
MERGED from [com.facebook.android:facebook-common:5.0.3] AndroidManifest.xml:24:5-26:41
MERGED from [com.facebook.android:facebook-common:5.0.3] AndroidManifest.xml:24:5-26:41
MERGED from [com.android.support:appcompat-v7:28.0.0] AndroidManifest.xml:20:5-44
MERGED from [com.android.support:appcompat-v7:28.0.0] AndroidManifest.xml:20:5-44
MERGED from [com.google.firebase:firebase-core:16.0.1] AndroidManifest.xml:5:5-44
MERGED from [com.google.firebase:firebase-core:16.0.1] AndroidManifest.xml:5:5-44